d:\projects\codereviewtool\codereviewtool\debug\codereviewtool.pch
d:\projects\codereviewtool\codereviewtool\debug\vc140.pdb
d:\projects\codereviewtool\codereviewtool\debug\vc140.idb
d:\projects\codereviewtool\codereviewtool\debug\stdafx.obj
d:\projects\codereviewtool\codereviewtool\debug\childview.obj
d:\projects\codereviewtool\codereviewtool\debug\codereviewtool.obj
d:\projects\codereviewtool\codereviewtool\debug\commentview.obj
d:\projects\codereviewtool\codereviewtool\debug\mainfrm.obj
d:\projects\codereviewtool\codereviewtool\debug\precodeview.obj
d:\projects\codereviewtool\codereviewtool\debug\dataprocessing.obj
d:\projects\codereviewtool\debug\codereviewtool.ilk
d:\projects\codereviewtool\debug\codereviewtool.exe
d:\projects\codereviewtool\debug\codereviewtool.pdb
d:\projects\codereviewtool\codereviewtool\debug\codereviewtool.res
d:\projects\codereviewtool\codereviewtool\debug\codereviewtool.tlog\cl.command.1.tlog
d:\projects\codereviewtool\codereviewtool\debug\codereviewtool.tlog\cl.read.1.tlog
d:\projects\codereviewtool\codereviewtool\debug\codereviewtool.tlog\cl.write.1.tlog
d:\projects\codereviewtool\codereviewtool\debug\codereviewtool.tlog\link.command.1.tlog
d:\projects\codereviewtool\codereviewtool\debug\codereviewtool.tlog\link.read.1.tlog
d:\projects\codereviewtool\codereviewtool\debug\codereviewtool.tlog\link.write.1.tlog
d:\projects\codereviewtool\codereviewtool\debug\codereviewtool.tlog\rc.command.1.tlog
d:\projects\codereviewtool\codereviewtool\debug\codereviewtool.tlog\rc.read.1.tlog
d:\projects\codereviewtool\codereviewtool\debug\codereviewtool.tlog\rc.write.1.tlog
