d:\projects\codereviewtool\codereviewtool\release\codereviewtool.pch
d:\projects\codereviewtool\codereviewtool\release\vc140.pdb
d:\projects\codereviewtool\codereviewtool\release\stdafx.obj
d:\projects\codereviewtool\codereviewtool\release\precodeview.obj
d:\projects\codereviewtool\codereviewtool\release\mainfrm.obj
d:\projects\codereviewtool\codereviewtool\release\dataprocessing.obj
d:\projects\codereviewtool\codereviewtool\release\commentview.obj
d:\projects\codereviewtool\codereviewtool\release\codereviewtool.obj
d:\projects\codereviewtool\codereviewtool\release\childview.obj
d:\projects\codereviewtool\release\codereviewtool.exe
d:\projects\codereviewtool\release\codereviewtool.pdb
d:\projects\codereviewtool\codereviewtool\release\codereviewtool.res
d:\projects\codereviewtool\codereviewtool\release\codereviewtool.tlog\cl.command.1.tlog
d:\projects\codereviewtool\codereviewtool\release\codereviewtool.tlog\cl.read.1.tlog
d:\projects\codereviewtool\codereviewtool\release\codereviewtool.tlog\cl.write.1.tlog
d:\projects\codereviewtool\codereviewtool\release\codereviewtool.tlog\link.command.1.tlog
d:\projects\codereviewtool\codereviewtool\release\codereviewtool.tlog\link.read.1.tlog
d:\projects\codereviewtool\codereviewtool\release\codereviewtool.tlog\link.write.1.tlog
d:\projects\codereviewtool\codereviewtool\release\codereviewtool.tlog\rc.command.1.tlog
d:\projects\codereviewtool\codereviewtool\release\codereviewtool.tlog\rc.read.1.tlog
d:\projects\codereviewtool\codereviewtool\release\codereviewtool.tlog\rc.write.1.tlog
